127980
129981
89442
15585
136022
777
31909
128352
367
81708
99749
73745
151875
151724
54445
61457
70692
128331
151202
-198
-159
7190
25211
75413
40445
41103
79160
88580
119599
114346
136920
77904
92793
150445
59855
94983
-879
163636
102216
601
75603
20618
1219
3398
30307
47572
93313
728
77798
-271
78798
52789
70484
12706
1019
65714
40095
90683
117831
136374
75747
36025
64216
190
1213
-324
127336
95094
122136
37502
572
112146
103015
101910
123020
29428
33317
4065
120839
34183
141679
6713
101033
53948
87278
46234
72431
49438
-948
64748
50544
79645
67004
108370
25946
153455
32278
18312
14362
88455
